<?xml version="1.0" encoding="UTF-8"?>
<!-- Generated by org.testng.reporters.JUnitReportReporter -->
<testsuite hostname="DESKTOP-6RBQBK2" failures="0" tests="3" name="HomeAutomation.LoginTC" time="13.590" errors="0" timestamp="2022-01-03T23:47:34 IST" skipped="0">
  <testcase classname="HomeAutomation.LoginTC" name="signIn" time="6.023"/>
  <system-out/>
  <testcase classname="HomeAutomation.LoginTC" name="signIn" time="3.750"/>
  <system-out/>
  <testcase classname="HomeAutomation.LoginTC" name="signIn" time="3.817"/>
  <system-out/>
</testsuite> <!-- HomeAutomation.LoginTC -->
