<?xml version="1.0" encoding="UTF-8"?>
<!-- Generated by org.testng.reporters.JUnitReportReporter -->
<testsuite hostname="DESKTOP-6RBQBK2" failures="0" tests="1" name="HomeAutomation.HomePage" time="6.118" errors="0" timestamp="2022-01-03T17:59:53 IST" skipped="0">
  <testcase classname="HomeAutomation.HomePage" name="openUrl" time="6.118"/>
  <system-out/>
</testsuite> <!-- HomeAutomation.HomePage -->
