<?xml version="1.0" encoding="UTF-8"?>
<!-- Generated by org.testng.reporters.JUnitReportReporter -->
<testsuite hostname="DESKTOP-6RBQBK2" failures="0" tests="1" name="HomeAutomation.LandingPageTC" time="0.243" errors="0" timestamp="2022-01-03T23:18:33 IST" skipped="0">
  <testcase classname="HomeAutomation.LandingPageTC" name="clickLogin" time="0.243"/>
  <system-out/>
</testsuite> <!-- HomeAutomation.LandingPageTC -->
