<?xml version="1.0" encoding="UTF-8"?>
<!-- Generated by org.testng.reporters.JUnitReportReporter -->
<testsuite hostname="DESKTOP-6RBQBK2" failures="0" tests="3" name="HomeAutomation.LoginTC" time="15.497" errors="0" timestamp="2022-01-04T00:38:01 IST" skipped="0">
  <testcase classname="HomeAutomation.LoginTC" name="signIn" time="4.531"/>
  <system-out/>
  <testcase classname="HomeAutomation.LoginTC" name="signIn" time="6.867"/>
  <system-out/>
  <testcase classname="HomeAutomation.LoginTC" name="signIn" time="4.099"/>
  <system-out/>
</testsuite> <!-- HomeAutomation.LoginTC -->
